<?xml version="1.0" encoding="UTF-8"?>
<!-- Generated by org.testng.reporters.JUnitReportReporter -->
<testsuite skipped="0" hostname="DESKTOP-CHFQ2BM" name="com.maven.test.NewTest" tests="1" failures="0" timestamp="2021-12-22T17:16:02 IST" time="13.877" errors="0">
  <testcase name="test" time="13.877" classname="com.maven.test.NewTest"/>
  <system-out/>
</testsuite> <!-- com.maven.test.NewTest -->
